2025-03-03 22:15:25,588 - __main__ - INFO - Starting tender processing for tender_id=10/2024/CONM-CEE, client_id=client123
2025-03-03 22:15:25,588 - __main__ - INFO - Processing 5 missing documents
2025-03-03 22:15:25,589 - document_retrieval_service - INFO - Downloading PDF from https://contrataciondelestado.es/FileSystem/servlet/GetDocumentByIdServlet?DocumentIdParam=cGvQdaF/qmEnKvN211kkZep9eLYPa5sPlu0VFp1fA/h5Fg1pTaKl4FN73msJksylIVq1IvdI5PofzpP36PwDr6Jmx2BDu2S/t4P9dvlPFULfdyQgZAdTm3EfcUAC7CJ6&cifrado=QUC1GjXXSiLkydRHJBmbpw%3D%3D...
2025-03-03 22:15:26,034 - document_retrieval_service - INFO - PDF downloaded to data/raw_pdfs/DOC_CN2024-001193585.pdf
2025-03-03 22:15:26,035 - document_retrieval_service - INFO - Downloading PDF from https://contrataciondelestado.es/FileSystem/servlet/GetDocumentByIdServlet?DocumentIdParam=z/ghU5864J3UKnVAwwWNrCp9Nvi9o32DrO2HfqSQ/7y0QPTDGl%2BTgSxAzGaBF9hR0w94oIWtN2EkYA0Og4DmgZLmV7aY3ZdlQ8%2BxtPvjDpeB0nvVKRzfe4rpHcnlPhSZ&cifrado=QUC1GjXXSiLkydRHJBmbpw%3D%3D...
2025-03-03 22:15:27,006 - document_retrieval_service - INFO - PDF downloaded to data/raw_pdfs/DOC20241111091415Pliego_de_prescripciones_tecnicas.pdf
2025-03-03 22:15:27,007 - document_retrieval_service - INFO - Downloading PDF from https://contrataciondelestado.es/FileSystem/servlet/GetDocumentByIdServlet?DocumentIdParam=8hgVPRbuSgXhyguKtFy5AiXeHvokF%2B2dllmtzd8sapWTAcvE3IDVxGhRuhi9GWXq2A4V3aEdzAqu7KG6zJkIGd4Rr6XPeaqztAIX1SSQM%2B2B0nvVKRzfe4rpHcnlPhSZ&cifrado=QUC1GjXXSiLkydRHJBmbpw%3D%3D...
2025-03-03 22:15:29,362 - document_retrieval_service - INFO - PDF downloaded to data/raw_pdfs/DOC20241111092201Pliego_de_clausulas_administrativas.pdf
2025-03-03 22:15:29,364 - document_retrieval_service - INFO - Downloading PDF from https://contrataciondelestado.es/FileSystem/servlet/GetDocumentByIdServlet?DocumentIdParam=wpL05Sv0vuASNVV59os02t1zLXzhEwhUpVrAmIiI4w%2B06WPE0AvLvdg6w0OZqYyrGivKjCsC2R7gEgBRON2aZeZ1y1C5nSiBmcFaXawL1GJt/o8fNevwsujgRzaBbugn&cifrado=QUC1GjXXSiLkydRHJBmbpw%3D%3D...
2025-03-03 22:15:31,786 - document_retrieval_service - INFO - PDF downloaded to data/raw_pdfs/DOC20241111094338ANEXO_I.pdf
2025-03-03 22:15:31,786 - document_retrieval_service - INFO - Downloading PDF from https://contrataciondelestado.es/FileSystem/servlet/GetDocumentByIdServlet?DocumentIdParam=FfZj3XI6OlOTOzDyKek0lnaI3ORlarheXliAsx0JVVCd5gsL7ycTWihmq01TkQC8e9oC1wwahAymbwR1EgIyQ86irt%2BO9F0D/Qe6kMPxUA%2B1aXEvq3KHa/AEHgtDrQw0&cifrado=QUC1GjXXSiLkydRHJBmbpw%3D%3D...
2025-03-03 22:15:33,855 - document_retrieval_service - INFO - PDF downloaded to data/raw_pdfs/DOC20241111094425ANEXO_II.pdf
2025-03-03 22:15:33,859 - document_conversion_service - INFO - Submitting data/raw_pdfs/DOC_CN2024-001193585.pdf to Marker API...
2025-03-03 22:15:34,441 - document_conversion_service - ERROR - Error converting PDF to markdown: 401 Client Error: Unauthorized for url: https://www.datalab.to/api/v1/marker
2025-03-03 22:15:34,442 - document_conversion_service - INFO - Submitting data/raw_pdfs/DOC20241111091415Pliego_de_prescripciones_tecnicas.pdf to Marker API...
2025-03-03 22:15:35,172 - document_conversion_service - ERROR - Error converting PDF to markdown: 401 Client Error: Unauthorized for url: https://www.datalab.to/api/v1/marker
2025-03-03 22:15:35,174 - document_conversion_service - INFO - Submitting data/raw_pdfs/DOC20241111092201Pliego_de_clausulas_administrativas.pdf to Marker API...
2025-03-03 22:15:35,994 - document_conversion_service - ERROR - Error converting PDF to markdown: 401 Client Error: Unauthorized for url: https://www.datalab.to/api/v1/marker
2025-03-03 22:15:35,995 - document_conversion_service - INFO - Submitting data/raw_pdfs/DOC20241111094338ANEXO_I.pdf to Marker API...
2025-03-03 22:15:36,925 - document_conversion_service - ERROR - Error converting PDF to markdown: 401 Client Error: Unauthorized for url: https://www.datalab.to/api/v1/marker
2025-03-03 22:15:36,926 - document_conversion_service - INFO - Submitting data/raw_pdfs/DOC20241111094425ANEXO_II.pdf to Marker API...
2025-03-03 22:15:37,876 - document_conversion_service - ERROR - Error converting PDF to markdown: 401 Client Error: Unauthorized for url: https://www.datalab.to/api/v1/marker
2025-03-03 22:19:21,851 - __main__ - INFO - Starting tender processing for tender_id=10/2024/CONM-CEE, client_id=client123
2025-03-03 22:19:21,852 - __main__ - INFO - Processing 5 missing documents
2025-03-03 22:19:21,852 - document_retrieval_service - INFO - Downloading PDF from https://contrataciondelestado.es/FileSystem/servlet/GetDocumentByIdServlet?DocumentIdParam=cGvQdaF/qmEnKvN211kkZep9eLYPa5sPlu0VFp1fA/h5Fg1pTaKl4FN73msJksylIVq1IvdI5PofzpP36PwDr6Jmx2BDu2S/t4P9dvlPFULfdyQgZAdTm3EfcUAC7CJ6&cifrado=QUC1GjXXSiLkydRHJBmbpw%3D%3D...
2025-03-03 22:19:22,134 - document_retrieval_service - ERROR - Error downloading PDF: name 'datetime' is not defined
2025-03-03 22:19:22,136 - document_retrieval_service - INFO - Downloading PDF from https://contrataciondelestado.es/FileSystem/servlet/GetDocumentByIdServlet?DocumentIdParam=z/ghU5864J3UKnVAwwWNrCp9Nvi9o32DrO2HfqSQ/7y0QPTDGl%2BTgSxAzGaBF9hR0w94oIWtN2EkYA0Og4DmgZLmV7aY3ZdlQ8%2BxtPvjDpeB0nvVKRzfe4rpHcnlPhSZ&cifrado=QUC1GjXXSiLkydRHJBmbpw%3D%3D...
2025-03-03 22:19:22,453 - document_retrieval_service - ERROR - Error downloading PDF: name 'datetime' is not defined
2025-03-03 22:19:22,454 - document_retrieval_service - INFO - Downloading PDF from https://contrataciondelestado.es/FileSystem/servlet/GetDocumentByIdServlet?DocumentIdParam=8hgVPRbuSgXhyguKtFy5AiXeHvokF%2B2dllmtzd8sapWTAcvE3IDVxGhRuhi9GWXq2A4V3aEdzAqu7KG6zJkIGd4Rr6XPeaqztAIX1SSQM%2B2B0nvVKRzfe4rpHcnlPhSZ&cifrado=QUC1GjXXSiLkydRHJBmbpw%3D%3D...
2025-03-03 22:19:22,814 - document_retrieval_service - ERROR - Error downloading PDF: name 'datetime' is not defined
2025-03-03 22:19:22,815 - document_retrieval_service - INFO - Downloading PDF from https://contrataciondelestado.es/FileSystem/servlet/GetDocumentByIdServlet?DocumentIdParam=wpL05Sv0vuASNVV59os02t1zLXzhEwhUpVrAmIiI4w%2B06WPE0AvLvdg6w0OZqYyrGivKjCsC2R7gEgBRON2aZeZ1y1C5nSiBmcFaXawL1GJt/o8fNevwsujgRzaBbugn&cifrado=QUC1GjXXSiLkydRHJBmbpw%3D%3D...
2025-03-03 22:19:23,097 - document_retrieval_service - ERROR - Error downloading PDF: name 'datetime' is not defined
2025-03-03 22:19:23,098 - document_retrieval_service - INFO - Downloading PDF from https://contrataciondelestado.es/FileSystem/servlet/GetDocumentByIdServlet?DocumentIdParam=FfZj3XI6OlOTOzDyKek0lnaI3ORlarheXliAsx0JVVCd5gsL7ycTWihmq01TkQC8e9oC1wwahAymbwR1EgIyQ86irt%2BO9F0D/Qe6kMPxUA%2B1aXEvq3KHa/AEHgtDrQw0&cifrado=QUC1GjXXSiLkydRHJBmbpw%3D%3D...
2025-03-03 22:19:23,398 - document_retrieval_service - ERROR - Error downloading PDF: name 'datetime' is not defined
2025-03-03 22:21:38,607 - __main__ - INFO - Starting tender processing for tender_id=10/2024/CONM-CEE, client_id=client123
2025-03-03 22:21:38,607 - __main__ - INFO - Processing 5 missing documents
2025-03-03 22:21:38,607 - document_retrieval_service - INFO - Downloading PDF from https://contrataciondelestado.es/FileSystem/servlet/GetDocumentByIdServlet?DocumentIdParam=cGvQdaF/qmEnKvN211kkZep9eLYPa5sPlu0VFp1fA/h5Fg1pTaKl4FN73msJksylIVq1IvdI5PofzpP36PwDr6Jmx2BDu2S/t4P9dvlPFULfdyQgZAdTm3EfcUAC7CJ6&cifrado=QUC1GjXXSiLkydRHJBmbpw%3D%3D...
2025-03-03 22:21:38,890 - document_retrieval_service - ERROR - Error downloading PDF: module 'datetime' has no attribute 'now'
2025-03-03 22:21:38,892 - document_retrieval_service - INFO - Downloading PDF from https://contrataciondelestado.es/FileSystem/servlet/GetDocumentByIdServlet?DocumentIdParam=z/ghU5864J3UKnVAwwWNrCp9Nvi9o32DrO2HfqSQ/7y0QPTDGl%2BTgSxAzGaBF9hR0w94oIWtN2EkYA0Og4DmgZLmV7aY3ZdlQ8%2BxtPvjDpeB0nvVKRzfe4rpHcnlPhSZ&cifrado=QUC1GjXXSiLkydRHJBmbpw%3D%3D...
2025-03-03 22:21:39,190 - document_retrieval_service - ERROR - Error downloading PDF: module 'datetime' has no attribute 'now'
2025-03-03 22:21:39,192 - document_retrieval_service - INFO - Downloading PDF from https://contrataciondelestado.es/FileSystem/servlet/GetDocumentByIdServlet?DocumentIdParam=8hgVPRbuSgXhyguKtFy5AiXeHvokF%2B2dllmtzd8sapWTAcvE3IDVxGhRuhi9GWXq2A4V3aEdzAqu7KG6zJkIGd4Rr6XPeaqztAIX1SSQM%2B2B0nvVKRzfe4rpHcnlPhSZ&cifrado=QUC1GjXXSiLkydRHJBmbpw%3D%3D...
2025-03-03 22:21:39,498 - document_retrieval_service - ERROR - Error downloading PDF: module 'datetime' has no attribute 'now'
2025-03-03 22:21:39,499 - document_retrieval_service - INFO - Downloading PDF from https://contrataciondelestado.es/FileSystem/servlet/GetDocumentByIdServlet?DocumentIdParam=wpL05Sv0vuASNVV59os02t1zLXzhEwhUpVrAmIiI4w%2B06WPE0AvLvdg6w0OZqYyrGivKjCsC2R7gEgBRON2aZeZ1y1C5nSiBmcFaXawL1GJt/o8fNevwsujgRzaBbugn&cifrado=QUC1GjXXSiLkydRHJBmbpw%3D%3D...
2025-03-03 22:21:39,793 - document_retrieval_service - ERROR - Error downloading PDF: module 'datetime' has no attribute 'now'
2025-03-03 22:21:39,794 - document_retrieval_service - INFO - Downloading PDF from https://contrataciondelestado.es/FileSystem/servlet/GetDocumentByIdServlet?DocumentIdParam=FfZj3XI6OlOTOzDyKek0lnaI3ORlarheXliAsx0JVVCd5gsL7ycTWihmq01TkQC8e9oC1wwahAymbwR1EgIyQ86irt%2BO9F0D/Qe6kMPxUA%2B1aXEvq3KHa/AEHgtDrQw0&cifrado=QUC1GjXXSiLkydRHJBmbpw%3D%3D...
2025-03-03 22:21:40,067 - document_retrieval_service - ERROR - Error downloading PDF: module 'datetime' has no attribute 'now'
2025-03-03 22:22:40,881 - __main__ - INFO - Starting tender processing for tender_id=10/2024/CONM-CEE, client_id=client123
2025-03-03 22:22:40,881 - __main__ - INFO - Processing 5 missing documents
2025-03-03 22:22:40,881 - document_retrieval_service - INFO - Downloading PDF from https://contrataciondelestado.es/FileSystem/servlet/GetDocumentByIdServlet?DocumentIdParam=cGvQdaF/qmEnKvN211kkZep9eLYPa5sPlu0VFp1fA/h5Fg1pTaKl4FN73msJksylIVq1IvdI5PofzpP36PwDr6Jmx2BDu2S/t4P9dvlPFULfdyQgZAdTm3EfcUAC7CJ6&cifrado=QUC1GjXXSiLkydRHJBmbpw%3D%3D...
2025-03-03 22:22:41,470 - document_retrieval_service - INFO - PDF downloaded to data/raw_pdfs/DOC_CN2024-001193585_1741036961.pdf
2025-03-03 22:22:41,471 - document_retrieval_service - INFO - Downloading PDF from https://contrataciondelestado.es/FileSystem/servlet/GetDocumentByIdServlet?DocumentIdParam=z/ghU5864J3UKnVAwwWNrCp9Nvi9o32DrO2HfqSQ/7y0QPTDGl%2BTgSxAzGaBF9hR0w94oIWtN2EkYA0Og4DmgZLmV7aY3ZdlQ8%2BxtPvjDpeB0nvVKRzfe4rpHcnlPhSZ&cifrado=QUC1GjXXSiLkydRHJBmbpw%3D%3D...
2025-03-03 22:22:42,473 - document_retrieval_service - INFO - PDF downloaded to data/raw_pdfs/DOC20241111091415Pliego_de_prescripciones_tecnicas_1741036961.pdf
2025-03-03 22:22:42,474 - document_retrieval_service - INFO - Downloading PDF from https://contrataciondelestado.es/FileSystem/servlet/GetDocumentByIdServlet?DocumentIdParam=8hgVPRbuSgXhyguKtFy5AiXeHvokF%2B2dllmtzd8sapWTAcvE3IDVxGhRuhi9GWXq2A4V3aEdzAqu7KG6zJkIGd4Rr6XPeaqztAIX1SSQM%2B2B0nvVKRzfe4rpHcnlPhSZ&cifrado=QUC1GjXXSiLkydRHJBmbpw%3D%3D...
2025-03-03 22:22:43,483 - document_retrieval_service - INFO - PDF downloaded to data/raw_pdfs/DOC20241111092201Pliego_de_clausulas_administrativas_1741036962.pdf
2025-03-03 22:22:43,484 - document_retrieval_service - INFO - Downloading PDF from https://contrataciondelestado.es/FileSystem/servlet/GetDocumentByIdServlet?DocumentIdParam=wpL05Sv0vuASNVV59os02t1zLXzhEwhUpVrAmIiI4w%2B06WPE0AvLvdg6w0OZqYyrGivKjCsC2R7gEgBRON2aZeZ1y1C5nSiBmcFaXawL1GJt/o8fNevwsujgRzaBbugn&cifrado=QUC1GjXXSiLkydRHJBmbpw%3D%3D...
2025-03-03 22:22:44,514 - document_retrieval_service - INFO - PDF downloaded to data/raw_pdfs/DOC20241111094338ANEXO_I_1741036963.pdf
2025-03-03 22:22:44,515 - document_retrieval_service - INFO - Downloading PDF from https://contrataciondelestado.es/FileSystem/servlet/GetDocumentByIdServlet?DocumentIdParam=FfZj3XI6OlOTOzDyKek0lnaI3ORlarheXliAsx0JVVCd5gsL7ycTWihmq01TkQC8e9oC1wwahAymbwR1EgIyQ86irt%2BO9F0D/Qe6kMPxUA%2B1aXEvq3KHa/AEHgtDrQw0&cifrado=QUC1GjXXSiLkydRHJBmbpw%3D%3D...
2025-03-03 22:22:45,329 - document_retrieval_service - INFO - PDF downloaded to data/raw_pdfs/DOC20241111094425ANEXO_II_1741036964.pdf
2025-03-03 22:22:45,331 - document_conversion_service - INFO - Submitting data/raw_pdfs/DOC_CN2024-001193585_1741036961.pdf to Marker API...
2025-03-03 22:22:45,831 - document_conversion_service - ERROR - Error converting PDF to markdown: 401 Client Error: Unauthorized for url: https://www.datalab.to/api/v1/marker
2025-03-03 22:22:45,832 - document_conversion_service - INFO - Submitting data/raw_pdfs/DOC20241111091415Pliego_de_prescripciones_tecnicas_1741036961.pdf to Marker API...
2025-03-03 22:22:46,595 - document_conversion_service - ERROR - Error converting PDF to markdown: 401 Client Error: Unauthorized for url: https://www.datalab.to/api/v1/marker
2025-03-03 22:22:46,597 - document_conversion_service - INFO - Submitting data/raw_pdfs/DOC20241111092201Pliego_de_clausulas_administrativas_1741036962.pdf to Marker API...
2025-03-03 22:22:47,438 - document_conversion_service - ERROR - Error converting PDF to markdown: 401 Client Error: Unauthorized for url: https://www.datalab.to/api/v1/marker
2025-03-03 22:22:47,438 - document_conversion_service - INFO - Submitting data/raw_pdfs/DOC20241111094338ANEXO_I_1741036963.pdf to Marker API...
2025-03-03 22:22:48,203 - document_conversion_service - ERROR - Error converting PDF to markdown: 401 Client Error: Unauthorized for url: https://www.datalab.to/api/v1/marker
2025-03-03 22:22:48,204 - document_conversion_service - INFO - Submitting data/raw_pdfs/DOC20241111094425ANEXO_II_1741036964.pdf to Marker API...
2025-03-03 22:22:48,905 - document_conversion_service - ERROR - Error converting PDF to markdown: 401 Client Error: Unauthorized for url: https://www.datalab.to/api/v1/marker
2025-03-04 08:04:13,706 - __main__ - INFO - Starting tender processing for tender_id=10/2024/CONM-CEE, client_id=client123
2025-03-04 08:04:13,707 - __main__ - INFO - Processing 5 missing documents
2025-03-04 08:04:13,708 - document_retrieval_service - INFO - Downloading PDF from https://contrataciondelestado.es/FileSystem/servlet/GetDocumentByIdServlet?DocumentIdParam=cGvQdaF/qmEnKvN211kkZep9eLYPa5sPlu0VFp1fA/h5Fg1pTaKl4FN73msJksylIVq1IvdI5PofzpP36PwDr6Jmx2BDu2S/t4P9dvlPFULfdyQgZAdTm3EfcUAC7CJ6&cifrado=QUC1GjXXSiLkydRHJBmbpw%3D%3D...
2025-03-04 08:04:14,340 - document_retrieval_service - INFO - PDF downloaded to data/raw_pdfs/DOC_CN2024-001193585.pdf
2025-03-04 08:04:14,341 - document_retrieval_service - INFO - Downloading PDF from https://contrataciondelestado.es/FileSystem/servlet/GetDocumentByIdServlet?DocumentIdParam=z/ghU5864J3UKnVAwwWNrCp9Nvi9o32DrO2HfqSQ/7y0QPTDGl%2BTgSxAzGaBF9hR0w94oIWtN2EkYA0Og4DmgZLmV7aY3ZdlQ8%2BxtPvjDpeB0nvVKRzfe4rpHcnlPhSZ&cifrado=QUC1GjXXSiLkydRHJBmbpw%3D%3D...
2025-03-04 08:04:15,389 - document_retrieval_service - INFO - PDF downloaded to data/raw_pdfs/DOC20241111091415Pliego_de_prescripciones_tecnicas.pdf
2025-03-04 08:04:15,390 - document_retrieval_service - INFO - Downloading PDF from https://contrataciondelestado.es/FileSystem/servlet/GetDocumentByIdServlet?DocumentIdParam=8hgVPRbuSgXhyguKtFy5AiXeHvokF%2B2dllmtzd8sapWTAcvE3IDVxGhRuhi9GWXq2A4V3aEdzAqu7KG6zJkIGd4Rr6XPeaqztAIX1SSQM%2B2B0nvVKRzfe4rpHcnlPhSZ&cifrado=QUC1GjXXSiLkydRHJBmbpw%3D%3D...
2025-03-04 08:04:16,916 - document_retrieval_service - INFO - PDF downloaded to data/raw_pdfs/DOC20241111092201Pliego_de_clausulas_administrativas.pdf
2025-03-04 08:04:16,917 - document_retrieval_service - INFO - Downloading PDF from https://contrataciondelestado.es/FileSystem/servlet/GetDocumentByIdServlet?DocumentIdParam=wpL05Sv0vuASNVV59os02t1zLXzhEwhUpVrAmIiI4w%2B06WPE0AvLvdg6w0OZqYyrGivKjCsC2R7gEgBRON2aZeZ1y1C5nSiBmcFaXawL1GJt/o8fNevwsujgRzaBbugn&cifrado=QUC1GjXXSiLkydRHJBmbpw%3D%3D...
2025-03-04 08:04:17,880 - document_retrieval_service - INFO - PDF downloaded to data/raw_pdfs/DOC20241111094338ANEXO_I.pdf
2025-03-04 08:04:17,881 - document_retrieval_service - INFO - Downloading PDF from https://contrataciondelestado.es/FileSystem/servlet/GetDocumentByIdServlet?DocumentIdParam=FfZj3XI6OlOTOzDyKek0lnaI3ORlarheXliAsx0JVVCd5gsL7ycTWihmq01TkQC8e9oC1wwahAymbwR1EgIyQ86irt%2BO9F0D/Qe6kMPxUA%2B1aXEvq3KHa/AEHgtDrQw0&cifrado=QUC1GjXXSiLkydRHJBmbpw%3D%3D...
2025-03-04 08:04:18,673 - document_retrieval_service - INFO - PDF downloaded to data/raw_pdfs/DOC20241111094425ANEXO_II.pdf
2025-03-04 08:04:18,674 - document_conversion_service - INFO - Submitting data/raw_pdfs/DOC_CN2024-001193585.pdf to Marker API...
2025-03-04 08:04:19,105 - document_conversion_service - ERROR - Error converting PDF to markdown: 401 Client Error: Unauthorized for url: https://www.datalab.to/api/v1/marker
2025-03-04 08:04:19,106 - document_conversion_service - INFO - Submitting data/raw_pdfs/DOC20241111091415Pliego_de_prescripciones_tecnicas.pdf to Marker API...
2025-03-04 08:04:19,823 - document_conversion_service - ERROR - Error converting PDF to markdown: 401 Client Error: Unauthorized for url: https://www.datalab.to/api/v1/marker
2025-03-04 08:04:19,824 - document_conversion_service - INFO - Submitting data/raw_pdfs/DOC20241111092201Pliego_de_clausulas_administrativas.pdf to Marker API...
2025-03-04 08:04:20,669 - document_conversion_service - ERROR - Error converting PDF to markdown: 401 Client Error: Unauthorized for url: https://www.datalab.to/api/v1/marker
2025-03-04 08:04:20,669 - document_conversion_service - INFO - Submitting data/raw_pdfs/DOC20241111094338ANEXO_I.pdf to Marker API...
2025-03-04 08:04:21,562 - document_conversion_service - ERROR - Error converting PDF to markdown: 401 Client Error: Unauthorized for url: https://www.datalab.to/api/v1/marker
2025-03-04 08:04:21,563 - document_conversion_service - INFO - Submitting data/raw_pdfs/DOC20241111094425ANEXO_II.pdf to Marker API...
2025-03-04 08:04:22,301 - document_conversion_service - ERROR - Error converting PDF to markdown: 401 Client Error: Unauthorized for url: https://www.datalab.to/api/v1/marker
2025-03-04 08:12:26,541 - __main__ - INFO - Starting tender processing for tender_id=10/2024/CONM-CEE, client_id=client123
2025-03-04 08:12:26,541 - __main__ - INFO - Processing 5 missing documents
2025-03-04 08:12:26,541 - document_retrieval_service - INFO - Downloading PDF from https://contrataciondelestado.es/FileSystem/servlet/GetDocumentByIdServlet?DocumentIdParam=cGvQdaF/qmEnKvN211kkZep9eLYPa5sPlu0VFp1fA/h5Fg1pTaKl4FN73msJksylIVq1IvdI5PofzpP36PwDr6Jmx2BDu2S/t4P9dvlPFULfdyQgZAdTm3EfcUAC7CJ6&cifrado=QUC1GjXXSiLkydRHJBmbpw%3D%3D...
2025-03-04 08:12:26,917 - document_retrieval_service - INFO - PDF downloaded to data/raw_pdfs/DOC_CN2024-001193585_1741072346.pdf
2025-03-04 08:12:26,918 - document_retrieval_service - INFO - Downloading PDF from https://contrataciondelestado.es/FileSystem/servlet/GetDocumentByIdServlet?DocumentIdParam=z/ghU5864J3UKnVAwwWNrCp9Nvi9o32DrO2HfqSQ/7y0QPTDGl%2BTgSxAzGaBF9hR0w94oIWtN2EkYA0Og4DmgZLmV7aY3ZdlQ8%2BxtPvjDpeB0nvVKRzfe4rpHcnlPhSZ&cifrado=QUC1GjXXSiLkydRHJBmbpw%3D%3D...
2025-03-04 08:12:27,798 - document_retrieval_service - INFO - PDF downloaded to data/raw_pdfs/DOC20241111091415Pliego_de_prescripciones_tecnicas_1741072347.pdf
2025-03-04 08:12:27,798 - document_retrieval_service - INFO - Downloading PDF from https://contrataciondelestado.es/FileSystem/servlet/GetDocumentByIdServlet?DocumentIdParam=8hgVPRbuSgXhyguKtFy5AiXeHvokF%2B2dllmtzd8sapWTAcvE3IDVxGhRuhi9GWXq2A4V3aEdzAqu7KG6zJkIGd4Rr6XPeaqztAIX1SSQM%2B2B0nvVKRzfe4rpHcnlPhSZ&cifrado=QUC1GjXXSiLkydRHJBmbpw%3D%3D...
2025-03-04 08:12:28,716 - document_retrieval_service - INFO - PDF downloaded to data/raw_pdfs/DOC20241111092201Pliego_de_clausulas_administrativas_1741072348.pdf
2025-03-04 08:12:28,717 - document_retrieval_service - INFO - Downloading PDF from https://contrataciondelestado.es/FileSystem/servlet/GetDocumentByIdServlet?DocumentIdParam=wpL05Sv0vuASNVV59os02t1zLXzhEwhUpVrAmIiI4w%2B06WPE0AvLvdg6w0OZqYyrGivKjCsC2R7gEgBRON2aZeZ1y1C5nSiBmcFaXawL1GJt/o8fNevwsujgRzaBbugn&cifrado=QUC1GjXXSiLkydRHJBmbpw%3D%3D...
2025-03-04 08:12:29,701 - document_retrieval_service - INFO - PDF downloaded to data/raw_pdfs/DOC20241111094338ANEXO_I_1741072348.pdf
2025-03-04 08:12:29,702 - document_retrieval_service - INFO - Downloading PDF from https://contrataciondelestado.es/FileSystem/servlet/GetDocumentByIdServlet?DocumentIdParam=FfZj3XI6OlOTOzDyKek0lnaI3ORlarheXliAsx0JVVCd5gsL7ycTWihmq01TkQC8e9oC1wwahAymbwR1EgIyQ86irt%2BO9F0D/Qe6kMPxUA%2B1aXEvq3KHa/AEHgtDrQw0&cifrado=QUC1GjXXSiLkydRHJBmbpw%3D%3D...
2025-03-04 08:12:34,474 - document_retrieval_service - INFO - PDF downloaded to data/raw_pdfs/DOC20241111094425ANEXO_II_1741072349.pdf
2025-03-04 08:12:34,475 - document_conversion_service - INFO - Submitting data/raw_pdfs/DOC_CN2024-001193585_1741072346.pdf to Marker API...
2025-03-04 08:12:35,056 - document_conversion_service - ERROR - Error converting PDF to markdown: 401 Client Error: Unauthorized for url: https://www.datalab.to/api/v1/marker
2025-03-04 08:12:35,057 - document_conversion_service - INFO - Submitting data/raw_pdfs/DOC20241111091415Pliego_de_prescripciones_tecnicas_1741072347.pdf to Marker API...
2025-03-04 08:12:35,877 - document_conversion_service - ERROR - Error converting PDF to markdown: 401 Client Error: Unauthorized for url: https://www.datalab.to/api/v1/marker
2025-03-04 08:12:35,879 - document_conversion_service - INFO - Submitting data/raw_pdfs/DOC20241111092201Pliego_de_clausulas_administrativas_1741072348.pdf to Marker API...
2025-03-04 08:12:36,697 - document_conversion_service - ERROR - Error converting PDF to markdown: 401 Client Error: Unauthorized for url: https://www.datalab.to/api/v1/marker
2025-03-04 08:12:36,699 - document_conversion_service - INFO - Submitting data/raw_pdfs/DOC20241111094338ANEXO_I_1741072348.pdf to Marker API...
2025-03-04 08:12:37,717 - document_conversion_service - ERROR - Error converting PDF to markdown: 401 Client Error: Unauthorized for url: https://www.datalab.to/api/v1/marker
2025-03-04 08:12:37,718 - document_conversion_service - INFO - Submitting data/raw_pdfs/DOC20241111094425ANEXO_II_1741072349.pdf to Marker API...
2025-03-04 08:12:38,538 - document_conversion_service - ERROR - Error converting PDF to markdown: 401 Client Error: Unauthorized for url: https://www.datalab.to/api/v1/marker
2025-03-04 08:18:44,572 - __main__ - INFO - Starting tender processing for tender_id=10/2024/CONM-CEE, client_id=client123
2025-03-04 08:18:44,573 - __main__ - INFO - Processing 5 missing documents
2025-03-04 08:18:44,573 - document_retrieval_service - INFO - Downloading PDF from https://contrataciondelestado.es/FileSystem/servlet/GetDocumentByIdServlet?DocumentIdParam=cGvQdaF/qmEnKvN211kkZep9eLYPa5sPlu0VFp1fA/h5Fg1pTaKl4FN73msJksylIVq1IvdI5PofzpP36PwDr6Jmx2BDu2S/t4P9dvlPFULfdyQgZAdTm3EfcUAC7CJ6&cifrado=QUC1GjXXSiLkydRHJBmbpw%3D%3D...
2025-03-04 08:18:45,069 - document_retrieval_service - INFO - PDF downloaded to data/raw_pdfs/DOC_CN2024-001193585_1741072724.pdf
2025-03-04 08:18:45,070 - document_retrieval_service - INFO - Downloading PDF from https://contrataciondelestado.es/FileSystem/servlet/GetDocumentByIdServlet?DocumentIdParam=z/ghU5864J3UKnVAwwWNrCp9Nvi9o32DrO2HfqSQ/7y0QPTDGl%2BTgSxAzGaBF9hR0w94oIWtN2EkYA0Og4DmgZLmV7aY3ZdlQ8%2BxtPvjDpeB0nvVKRzfe4rpHcnlPhSZ&cifrado=QUC1GjXXSiLkydRHJBmbpw%3D%3D...
2025-03-04 08:18:46,280 - document_retrieval_service - INFO - PDF downloaded to data/raw_pdfs/DOC20241111091415Pliego_de_prescripciones_tecnicas_1741072725.pdf
2025-03-04 08:18:46,281 - document_retrieval_service - INFO - Downloading PDF from https://contrataciondelestado.es/FileSystem/servlet/GetDocumentByIdServlet?DocumentIdParam=8hgVPRbuSgXhyguKtFy5AiXeHvokF%2B2dllmtzd8sapWTAcvE3IDVxGhRuhi9GWXq2A4V3aEdzAqu7KG6zJkIGd4Rr6XPeaqztAIX1SSQM%2B2B0nvVKRzfe4rpHcnlPhSZ&cifrado=QUC1GjXXSiLkydRHJBmbpw%3D%3D...
2025-03-04 08:18:48,391 - document_retrieval_service - INFO - PDF downloaded to data/raw_pdfs/DOC20241111092201Pliego_de_clausulas_administrativas.pdf
2025-03-04 08:18:48,392 - document_retrieval_service - INFO - Downloading PDF from https://contrataciondelestado.es/FileSystem/servlet/GetDocumentByIdServlet?DocumentIdParam=wpL05Sv0vuASNVV59os02t1zLXzhEwhUpVrAmIiI4w%2B06WPE0AvLvdg6w0OZqYyrGivKjCsC2R7gEgBRON2aZeZ1y1C5nSiBmcFaXawL1GJt/o8fNevwsujgRzaBbugn&cifrado=QUC1GjXXSiLkydRHJBmbpw%3D%3D...
2025-03-04 08:18:49,453 - document_retrieval_service - INFO - PDF downloaded to data/raw_pdfs/DOC20241111094338ANEXO_I.pdf
2025-03-04 08:18:49,454 - document_retrieval_service - INFO - Downloading PDF from https://contrataciondelestado.es/FileSystem/servlet/GetDocumentByIdServlet?DocumentIdParam=FfZj3XI6OlOTOzDyKek0lnaI3ORlarheXliAsx0JVVCd5gsL7ycTWihmq01TkQC8e9oC1wwahAymbwR1EgIyQ86irt%2BO9F0D/Qe6kMPxUA%2B1aXEvq3KHa/AEHgtDrQw0&cifrado=QUC1GjXXSiLkydRHJBmbpw%3D%3D...
2025-03-04 08:18:50,357 - document_retrieval_service - INFO - PDF downloaded to data/raw_pdfs/DOC20241111094425ANEXO_II.pdf
2025-03-04 08:18:50,358 - document_conversion_service - INFO - Submitting data/raw_pdfs/DOC_CN2024-001193585_1741072724.pdf to Marker API...
2025-03-04 08:18:51,873 - document_conversion_service - INFO - Processing request vEyCPfzRPoCMviZh7M91ig...
2025-03-04 08:18:52,416 - document_conversion_service - INFO - Successfully converted data/raw_pdfs/DOC_CN2024-001193585_1741072724.pdf to data/markdown/DOC_CN2024-001193585_1741072724.md
2025-03-04 08:18:52,417 - document_conversion_service - INFO - Submitting data/raw_pdfs/DOC20241111091415Pliego_de_prescripciones_tecnicas_1741072725.pdf to Marker API...
2025-03-04 08:18:54,332 - document_conversion_service - INFO - Processing request bfvKm9KPoVvIo0BurMx2Wg...
2025-03-04 08:18:54,786 - document_conversion_service - INFO - Successfully converted data/raw_pdfs/DOC20241111091415Pliego_de_prescripciones_tecnicas_1741072725.pdf to data/markdown/DOC20241111091415Pliego_de_prescripciones_tecnicas_1741072725.md
2025-03-04 08:18:54,787 - document_conversion_service - INFO - Submitting data/raw_pdfs/DOC20241111092201Pliego_de_clausulas_administrativas.pdf to Marker API...
2025-03-04 08:18:56,789 - document_conversion_service - INFO - Processing request XDbyq3G7i2fXaB8YRlZw-g...
2025-03-04 08:18:57,212 - document_conversion_service - INFO - Successfully converted data/raw_pdfs/DOC20241111092201Pliego_de_clausulas_administrativas.pdf to data/markdown/DOC20241111092201Pliego_de_clausulas_administrativas.md
2025-03-04 08:18:57,213 - document_conversion_service - INFO - Submitting data/raw_pdfs/DOC20241111094338ANEXO_I.pdf to Marker API...
2025-03-04 08:18:59,247 - document_conversion_service - INFO - Processing request 7G-vITXNdoQN_RCzr9LUaw...
2025-03-04 08:19:10,222 - document_conversion_service - INFO - Successfully converted data/raw_pdfs/DOC20241111094338ANEXO_I.pdf to data/markdown/DOC20241111094338ANEXO_I.md
2025-03-04 08:19:10,223 - document_conversion_service - INFO - Submitting data/raw_pdfs/DOC20241111094425ANEXO_II.pdf to Marker API...
2025-03-04 08:19:12,074 - document_conversion_service - INFO - Processing request qwXoHCJdCYFGK9AS6iy_sg...
2025-03-04 08:19:13,791 - document_conversion_service - INFO - Successfully converted data/raw_pdfs/DOC20241111094425ANEXO_II.pdf to data/markdown/DOC20241111094425ANEXO_II.md
2025-03-04 08:19:13,792 - ai_document_generator_service - INFO - Generating AI summary...
2025-03-04 08:19:13,792 - ai_document_generator_service - INFO - Processing data/markdown/DOC_CN2024-001193585_1741072724.md...
2025-03-04 08:19:14,917 - ai_document_generator_service - INFO - Document processed: https://generativelanguage.googleapis.com/v1beta/files/bnnr0ddottbw
2025-03-04 08:19:14,918 - ai_document_generator_service - INFO - Processing data/markdown/DOC20241111091415Pliego_de_prescripciones_tecnicas_1741072725.md...
2025-03-04 08:19:16,245 - ai_document_generator_service - INFO - Document processed: https://generativelanguage.googleapis.com/v1beta/files/zb4ebwbx9p3q
2025-03-04 08:19:16,246 - ai_document_generator_service - INFO - Processing data/markdown/DOC20241111092201Pliego_de_clausulas_administrativas.md...
2025-03-04 08:19:17,474 - ai_document_generator_service - INFO - Document processed: https://generativelanguage.googleapis.com/v1beta/files/ndd397ih9u0e
2025-03-04 08:19:17,474 - ai_document_generator_service - INFO - Processing data/markdown/DOC20241111094338ANEXO_I.md...
2025-03-04 08:19:19,113 - ai_document_generator_service - INFO - Document processed: https://generativelanguage.googleapis.com/v1beta/files/kb4furg9oilg
2025-03-04 08:19:19,114 - ai_document_generator_service - INFO - Processing data/markdown/DOC20241111094425ANEXO_II.md...
2025-03-04 08:19:20,752 - ai_document_generator_service - INFO - Document processed: https://generativelanguage.googleapis.com/v1beta/files/qnfymgdtzb8b
2025-03-04 08:19:20,752 - ai_document_generator_service - WARNING - Total tokens (25372) is below minimum required for caching (32768). Will process without caching.
2025-03-04 08:19:20,753 - root - INFO - AFC is enabled with max remote calls: 10.
2025-03-04 08:19:21,573 - root - INFO - AFC remote call 1 is done.
2025-03-04 08:19:21,574 - ai_document_generator_service - INFO - 
Token Usage:
2025-03-04 08:19:21,574 - ai_document_generator_service - INFO - Prompt tokens: 134
2025-03-04 08:19:21,574 - ai_document_generator_service - INFO - Cached content tokens: None
2025-03-04 08:19:21,574 - ai_document_generator_service - INFO - Response tokens: 46
2025-03-04 08:19:21,574 - ai_document_generator_service - INFO - Total tokens: 180
2025-03-04 08:19:21,576 - ai_document_generator_service - INFO - Generating AI documents sequentially...
2025-03-04 08:19:21,576 - ai_document_generator_service - INFO - Processing data/markdown/DOC_CN2024-001193585_1741072724.md...
2025-03-04 08:19:23,061 - ai_document_generator_service - INFO - Document processed: https://generativelanguage.googleapis.com/v1beta/files/5ib58y2xoi37
2025-03-04 08:19:23,061 - ai_document_generator_service - INFO - Processing data/markdown/DOC20241111091415Pliego_de_prescripciones_tecnicas_1741072725.md...
2025-03-04 08:19:24,113 - ai_document_generator_service - INFO - Document processed: https://generativelanguage.googleapis.com/v1beta/files/7o68ccl6a041
2025-03-04 08:19:24,113 - ai_document_generator_service - INFO - Processing data/markdown/DOC20241111092201Pliego_de_clausulas_administrativas.md...
2025-03-04 08:19:25,256 - ai_document_generator_service - INFO - Document processed: https://generativelanguage.googleapis.com/v1beta/files/a98ewpe6z5yr
2025-03-04 08:19:25,256 - ai_document_generator_service - INFO - Processing data/markdown/DOC20241111094338ANEXO_I.md...
2025-03-04 08:19:26,691 - ai_document_generator_service - INFO - Document processed: https://generativelanguage.googleapis.com/v1beta/files/pwh7hy2s5ntv
2025-03-04 08:19:26,692 - ai_document_generator_service - INFO - Processing data/markdown/DOC20241111094425ANEXO_II.md...
2025-03-04 08:19:27,766 - ai_document_generator_service - INFO - Document processed: https://generativelanguage.googleapis.com/v1beta/files/86ixlsh0eppu
2025-03-04 08:19:27,767 - ai_document_generator_service - WARNING - Total tokens (25372) is below minimum required for caching (32768). Will process without caching.
2025-03-04 08:19:27,767 - ai_document_generator_service - INFO - Processing section 1/2: 
PLANTILLA DE RESUMEN DE INFORMACIÓN PARA LICITACI...
2025-03-04 08:19:27,767 - root - INFO - AFC is enabled with max remote calls: 10.
2025-03-04 08:19:28,536 - root - INFO - AFC remote call 1 is done.
2025-03-04 08:19:28,537 - ai_document_generator_service - INFO - 
Section 1 completed in 0.77 seconds
2025-03-04 08:19:28,537 - ai_document_generator_service - INFO - Token Usage:
2025-03-04 08:19:28,537 - ai_document_generator_service - INFO -   Prompt tokens: 197
2025-03-04 08:19:28,537 - ai_document_generator_service - INFO -   Cached content tokens: None
2025-03-04 08:19:28,537 - ai_document_generator_service - INFO -   Response tokens: 48
2025-03-04 08:19:28,537 - ai_document_generator_service - INFO -   Section total: 245
2025-03-04 08:19:28,537 - ai_document_generator_service - INFO - Processing section 2/2: 
2. ASPECTOS ECONÓMICOS Y FINANCIEROS
Solvencia Ec...
2025-03-04 08:19:28,537 - root - INFO - AFC is enabled with max remote calls: 10.
2025-03-04 08:19:29,289 - root - INFO - AFC remote call 1 is done.
2025-03-04 08:19:29,290 - ai_document_generator_service - INFO - 
Section 2 completed in 0.75 seconds
2025-03-04 08:19:29,290 - ai_document_generator_service - INFO - Token Usage:
2025-03-04 08:19:29,290 - ai_document_generator_service - INFO -   Prompt tokens: 300
2025-03-04 08:19:29,290 - ai_document_generator_service - INFO -   Cached content tokens: None
2025-03-04 08:19:29,290 - ai_document_generator_service - INFO -   Response tokens: 72
2025-03-04 08:19:29,290 - ai_document_generator_service - INFO -   Section total: 372
2025-03-04 08:19:29,290 - __main__ - ERROR - Failed to generate AI document for client client123, tender 10/2024/CONM-CEE
2025-03-04 08:19:29,291 - __main__ - INFO - Tender processing completed in 44.72 seconds
2025-03-04 08:19:29,291 - __main__ - INFO - === Processing Results ===
2025-03-04 08:19:29,291 - __main__ - INFO - AI Summary generated: True
2025-03-04 08:19:29,291 - __main__ - INFO - AI Document generated: False
2025-03-04 08:19:29,291 - __main__ - INFO - Processing time: 44.72 seconds
2025-03-04 08:19:29,291 - __main__ - INFO - 
AI Summary Sample (first 200 chars):
2025-03-04 08:19:29,291 - __main__ - INFO - Por favor, proporciona los documentos de licitación para que pueda ayudarte a completar la plantilla de manera específica y detallada. Necesito tener acceso a los documentos para poder extraer la info...
